Using pre-set license

 COMMAND LINE ARGUMENTS:
/Applications/Unity Versions/2020.3.11f1/Unity.app/Contents/MacOS/Unity
-adb2
-batchMode
-noUpm
-name
AssetImportWorker0
-projectPath
/Users/stephentrotter/programs/unity projects/CardBasedRPG
-logFile
Logs/AssetImportWorker0.log
-srvPort
55545
Successfully changed project path to: /Users/stephentrotter/programs/unity projects/CardBasedRPG
/Users/stephentrotter/programs/unity projects/CardBasedRPG
Using Asset Import Pipeline V2.
Refreshing native plugins compatible for Editor in 80.18 ms, found 3 plugins.
Preloading 0 native plugins for Editor in 0.00 ms.
Initialize engine version: 2020.3.11f1 (99c7afb366b3)
[Subsystems] Discovering subsystems at path /Applications/Unity Versions/2020.3.11f1/Unity.app/Contents/Resources/UnitySubsystems
[Subsystems] Discovering subsystems at path /Users/stephentrotter/programs/unity projects/CardBasedRPG/Assets
GfxDevice: creating device client; threaded=0
2021-08-19 15:43:58.112 Unity[24062:2850702] Color LCD preferred device: Intel Iris Graphics (low power)
2021-08-19 15:43:58.112 Unity[24062:2850702] Metal devices available: 1
2021-08-19 15:43:58.112 Unity[24062:2850702] 0: Intel Iris Graphics (low power)
2021-08-19 15:43:58.113 Unity[24062:2850702] Using device Intel Iris Graphics (low power)
Initializing Metal device caps: Intel Iris Graphics
Initialize mono
Mono path[0] = '/Applications/Unity Versions/2020.3.11f1/Unity.app/Contents/Managed'
Mono path[1] = '/Applications/Unity Versions/2020.3.11f1/Unity.app/Contents/MonoBleedingEdge/lib/mono/unityjit'
Mono config path = '/Applications/Unity Versions/2020.3.11f1/Unity.app/Contents/MonoBleedingEdge/etc'
Using monoOptions --debugger-agent=transport=dt_socket,embedding=1,server=y,suspend=n,address=127.0.0.1:56062
Begin MonoManager ReloadAssembly
Registering precompiled unity dll's ...
Register platform support module: /Applications/Unity Versions/2020.3.11f1/PlaybackEngines/WebGLSupport/UnityEditor.WebGL.Extensions.dll
Register platform support module: /Applications/Unity Versions/2020.3.11f1/Unity.app/Contents/PlaybackEngines/MacStandaloneSupport/UnityEditor.OSXStandalone.Extensions.dll
Registered in 0.002601 seconds.
Native extension for OSXStandalone target not found
Native extension for WebGL target not found
Refreshing native plugins compatible for Editor in 64.59 ms, found 3 plugins.
Preloading 0 native plugins for Editor in 0.00 ms.
Mono: successfully reloaded assembly
- Completed reload, in  3.562 seconds
Platform modules already initialized, skipping
Registering precompiled user dll's ...
Registered in 0.012103 seconds.
Begin MonoManager ReloadAssembly
Native extension for OSXStandalone target not found
Native extension for WebGL target not found
Refreshing native plugins compatible for Editor in 67.54 ms, found 3 plugins.
Preloading 0 native plugins for Editor in 0.00 ms.
Mono: successfully reloaded assembly
- Completed reload, in  2.313 seconds
Platform modules already initialized, skipping
========================================================================
Worker process is ready to serve import requests
Launching external process: /Applications/Unity Versions/2020.3.11f1/Unity.app/Contents/Tools/UnityShaderCompiler
Launched and connected shader compiler UnityShaderCompiler after 0.02 seconds
Refreshing native plugins compatible for Editor in 0.55 ms, found 3 plugins.
Preloading 0 native plugins for Editor in 0.00 ms.
Unloading 2094 Unused Serialized files (Serialized files now loaded: 0)
System memory in use before: 170.4 MB.
System memory in use after: 170.3 MB.

Unloading 33 unused Assets to reduce memory usage. Loaded Objects now: 2528.
Total: 6.215897 ms (FindLiveObjects: 0.759103 ms CreateObjectMapping: 0.450227 ms MarkObjects: 4.732377 ms  DeleteObjects: 0.271816 ms)

========================================================================
Received Import Request.
  path: Assets/Scripts/Gamplay/BattleController.cs
  artifactKey: Guid(f62106f862e234f879bf7f5ae8f9fb6c) Importer(815301076,1909f56bfc062723c751e8b465ee728b)
Start importing Assets/Scripts/Gamplay/BattleController.cs using Guid(f62106f862e234f879bf7f5ae8f9fb6c) Importer(815301076,1909f56bfc062723c751e8b465ee728b)  -> (artifact id: '4017895815e028c037f50f9f19b44c38') in 8.121549 seconds
  Import took 8.129692 seconds .

========================================================================
Received Prepare
Registering precompiled user dll's ...
Registered in 0.004835 seconds.
Begin MonoManager ReloadAssembly
Native extension for OSXStandalone target not found
Native extension for WebGL target not found
Refreshing native plugins compatible for Editor in 0.95 ms, found 3 plugins.
Preloading 0 native plugins for Editor in 0.00 ms.
Mono: successfully reloaded assembly
- Completed reload, in  2.617 seconds
Platform modules already initialized, skipping
Refreshing native plugins compatible for Editor in 0.61 ms, found 3 plugins.
Preloading 0 native plugins for Editor in 0.00 ms.
Unloading 2089 Unused Serialized files (Serialized files now loaded: 0)
System memory in use before: 175.0 MB.
System memory in use after: 175.0 MB.

Unloading 21 unused Assets to reduce memory usage. Loaded Objects now: 2532.
Total: 3.830179 ms (FindLiveObjects: 0.266521 ms CreateObjectMapping: 0.095851 ms MarkObjects: 3.298868 ms  DeleteObjects: 0.167285 ms)

========================================================================
Received Import Request.
  Time since last request: 55.061467 seconds.
  path: Assets/Scripts/Gamplay/BattleController.cs
  artifactKey: Guid(f62106f862e234f879bf7f5ae8f9fb6c) Importer(815301076,1909f56bfc062723c751e8b465ee728b)
Start importing Assets/Scripts/Gamplay/BattleController.cs using Guid(f62106f862e234f879bf7f5ae8f9fb6c) Importer(815301076,1909f56bfc062723c751e8b465ee728b)  -> (artifact id: '882ff164f2f8c78223ac704b83aa9f0b') in 0.014119 seconds
  Import took 0.019537 seconds .

